* Starting client
* Connecting to master process on port 6511
* Analyzing classpath: 
  - /Users/dextersargent/commons-cli_217931460/target/test-classes
  - /Users/dextersargent/commons-cli_217931460/target/classes
  - /Users/dextersargent/.m2/repository/org/junit/jupiter/junit-jupiter-api/5.14.2/junit-jupiter-api-5.14.2.jar
  - /Users/dextersargent/.m2/repository/org/opentest4j/opentest4j/1.3.0/opentest4j-1.3.0.jar
  - /Users/dextersargent/.m2/repository/org/junit/platform/junit-platform-commons/1.14.2/junit-platform-commons-1.14.2.jar
  - /Users/dextersargent/.m2/repository/org/apiguardian/apiguardian-api/1.1.2/apiguardian-api-1.1.2.jar
  - /Users/dextersargent/.m2/repository/org/junit/jupiter/junit-jupiter-engine/5.14.2/junit-jupiter-engine-5.14.2.jar
  - /Users/dextersargent/.m2/repository/org/junit/platform/junit-platform-engine/1.14.2/junit-platform-engine-1.14.2.jar
  - /Users/dextersargent/.m2/repository/org/junit/jupiter/junit-jupiter-params/5.14.2/junit-jupiter-params-5.14.2.jar
  - /Users/dextersargent/.m2/repository/org/junit-pioneer/junit-pioneer/1.9.1/junit-pioneer-1.9.1.jar
  - /Users/dextersargent/.m2/repository/org/junit/platform/junit-platform-launcher/1.14.2/junit-platform-launcher-1.14.2.jar
  - /Users/dextersargent/.m2/repository/commons-io/commons-io/2.21.0/commons-io-2.21.0.jar
  - /Users/dextersargent/.m2/repository/org/apache/commons/commons-text/1.15.0/commons-text-1.15.0.jar
  - /Users/dextersargent/.m2/repository/org/apache/commons/commons-lang3/3.20.0/commons-lang3-3.20.0.jar
  - /Users/dextersargent/.m2/repository/org/mockito/mockito-core/4.11.0/mockito-core-4.11.0.jar
  - /Users/dextersargent/.m2/repository/net/bytebuddy/byte-buddy/1.12.19/byte-buddy-1.12.19.jar
  - /Users/dextersargent/.m2/repository/net/bytebuddy/byte-buddy-agent/1.12.19/byte-buddy-agent-1.12.19.jar
  - /Users/dextersargent/.m2/repository/org/objenesis/objenesis/3.3/objenesis-3.3.jar
  - /Users/dextersargent/.m2/repository/junit/junit/4.13.2/junit-4.13.2.jar
  - /Users/dextersargent/.m2/repository/org/hamcrest/hamcrest-core/1.3/hamcrest-core-1.3.jar
* Finished analyzing classpath
* Generating tests for class org.apache.commons.cli.help.TextHelpAppendable
* Test criteria:
  - Line Coverage
  - Branch Coverage
  - Exception
  - Mutation testing (weak)
  - Method-Output Coverage
  - Top-Level Method Coverage
  - No-Exception Top-Level Method Coverage
  - Context Branch Coverage
* Setting up search algorithm for whole suite generation
[MASTER] 17:22:55.324 [pool-2-thread-1] WARN  TestSuiteSerialization - Cannot load tests because file does not exist: /Users/dextersargent/commons-cli_217931460/.evosuite/evosuite-seeds/org.apache.commons.cli.help.TextHelpAppendable.seed
* Loaded 0 tests from /Users/dextersargent/commons-cli_217931460/.evosuite/evosuite-seeds/org.apache.commons.cli.help.TextHelpAppendable.seed
* Total number of test goals: 
  - Line 152
  - Branch 96
  - Exception 0
  - MutationFactory 718
  - Output 62
  - Method 22
  - MethodNoException 22
  - CBranchFitnessFactory 96
* Using seed 1774214573965
* Starting evolution
* Search finished after 110s and 597 generations, 275073 statements, best individual has fitness: 44.68666666340704
* Writing sequences to pool
* Minimizing test suite
* Going to analyze the coverage criteria
* Coverage analysis for criterion LINE
* Coverage of criterion LINE: 99%
* Total number of goals: 152
* Number of covered goals: 150
* Coverage analysis for criterion BRANCH
* Coverage of criterion BRANCH: 94%
* Total number of goals: 96
* Number of covered goals: 90
* Coverage analysis for criterion EXCEPTION
* Coverage of criterion EXCEPTION: 100%
* Total number of goals: 49
* Number of covered goals: 49
* Coverage analysis for criterion WEAKMUTATION
* Coverage of criterion WEAKMUTATION: 97%
* Total number of goals: 718
* Number of covered goals: 697
* Coverage analysis for criterion OUTPUT
* Coverage of criterion OUTPUT: 77%
* Total number of goals: 62
* Number of covered goals: 48
* Coverage analysis for criterion METHOD
* Coverage of criterion METHOD: 100%
* Total number of goals: 22
* Number of covered goals: 22
* Coverage analysis for criterion METHODNOEXCEPTION
* Coverage of criterion METHODNOEXCEPTION: 100%
* Total number of goals: 22
* Number of covered goals: 22
* Coverage analysis for criterion CBRANCH
* Coverage of criterion CBRANCH: 93%
* Total number of goals: 96
* Number of covered goals: 89
* Generated 88 tests with total length 414
* Resulting test suite's coverage: 95% (average coverage for all fitness functions)
* Generating assertions
[MASTER] 17:25:10.441 [pool-2-thread-1] WARN  SimpleMutationAssertionGenerator - Assertion minimization is taking too long (0.6931111111111111% of time used, but only 8/88 tests minimized), falling back to using all assertions
* Resulting test suite's mutation score: 14%
* Compiling and checking tests
[MASTER] 17:25:15.905 [pool-2-thread-1] WARN  JUnitAnalyzer - Found unstable test named test0 -> class java.lang.OutOfMemoryError: Requested array size exceeds VM limit
[MASTER] 17:25:15.906 [pool-2-thread-1] WARN  JUnitAnalyzer - Failing test:
 TextHelpAppendable textHelpAppendable0 = TextHelpAppendable.systemOut();
assertEquals(7, TextHelpAppendable.DEFAULT_LIST_INDENT);
assertEquals(1, TextHelpAppendable.DEFAULT_LEFT_PAD);
assertEquals(3, TextHelpAppendable.DEFAULT_INDENT);
assertEquals(74, TextHelpAppendable.DEFAULT_WIDTH);
assertNotNull(textHelpAppendable0);
assertEquals(1, textHelpAppendable0.getLeftPad());
assertEquals(74, textHelpAppendable0.getMaxWidth());
assertEquals(3, textHelpAppendable0.getIndent());

textHelpAppendable0.setIndent(Integer.MAX_VALUE);
assertEquals(7, TextHelpAppendable.DEFAULT_LIST_INDENT);
assertEquals(1, TextHelpAppendable.DEFAULT_LEFT_PAD);
assertEquals(3, TextHelpAppendable.DEFAULT_INDENT);
assertEquals(74, TextHelpAppendable.DEFAULT_WIDTH);
assertEquals(1, textHelpAppendable0.getLeftPad());
assertEquals(74, textHelpAppendable0.getMaxWidth());
assertEquals(Integer.MAX_VALUE, textHelpAppendable0.getIndent());

textHelpAppendable0.appendHeader(351608024, "u''W");

[MASTER] 17:25:16.919 [pool-2-thread-1] WARN  JUnitAnalyzer - Found unstable test named test0 -> class java.lang.OutOfMemoryError: Requested array size exceeds VM limit
[MASTER] 17:25:16.919 [pool-2-thread-1] WARN  JUnitAnalyzer - Failing test:
 TextHelpAppendable textHelpAppendable0 = TextHelpAppendable.systemOut();
assertEquals(7, TextHelpAppendable.DEFAULT_LIST_INDENT);
assertEquals(74, TextHelpAppendable.DEFAULT_WIDTH);
assertEquals(3, TextHelpAppendable.DEFAULT_INDENT);
assertEquals(1, TextHelpAppendable.DEFAULT_LEFT_PAD);
assertNotNull(textHelpAppendable0);
assertEquals(3, textHelpAppendable0.getIndent());
assertEquals(1, textHelpAppendable0.getLeftPad());
assertEquals(74, textHelpAppendable0.getMaxWidth());

Stack<TextStyle> stack0 = new Stack<TextStyle>();
assertNotNull(stack0);
assertEquals("[]", stack0.toString());
assertEquals(10, stack0.capacity());
assertEquals(0, stack0.size());
assertTrue(stack0.isEmpty());
assertTrue(stack0.empty());

Vector<String> vector0 = new Vector<String>();
assertNotNull(vector0);
assertTrue(vector0.isEmpty());
assertEquals(0, vector0.size());
assertEquals(10, vector0.capacity());
assertEquals("[]", vector0.toString());

boolean boolean0 = vector0.add("");
assertTrue(vector0.contains(""));
assertTrue(boolean0);
assertFalse(vector0.isEmpty());
assertEquals(1, vector0.size());
assertEquals(10, vector0.capacity());
assertEquals("[]", vector0.toString());

TextStyle textStyle0 = TextStyle.DEFAULT;
assertEquals(Integer.MAX_VALUE, TextStyle.UNSET_MAX_WIDTH);
assertNotNull(textStyle0);
assertEquals(Integer.MAX_VALUE, textStyle0.getMaxWidth());
assertEquals(TextStyle.Alignment.LEFT, textStyle0.getAlignment());
assertEquals(0, textStyle0.getLeftPad());
assertEquals(0, textStyle0.getMinWidth());
assertEquals(0, textStyle0.getIndent());
assertTrue(textStyle0.isScalable());

stack0.insertElementAt(textStyle0, 0);
assertEquals(Integer.MAX_VALUE, TextStyle.UNSET_MAX_WIDTH);
assertTrue(stack0.contains(textStyle0));
assertFalse(stack0.isEmpty());
assertEquals(10, stack0.capacity());
assertFalse(stack0.empty());
assertEquals("[TextStyle{LEFT, l:0, i:0, true, min:0, max:unset}]", stack0.toString());
assertEquals(1, stack0.size());
assertEquals(Integer.MAX_VALUE, textStyle0.getMaxWidth());
assertEquals(TextStyle.Alignment.LEFT, textStyle0.getAlignment());
assertEquals(0, textStyle0.getLeftPad());
assertEquals(0, textStyle0.getMinWidth());
assertEquals(0, textStyle0.getIndent());
assertTrue(textStyle0.isScalable());

textHelpAppendable0.setLeftPad(Integer.MAX_VALUE);
assertEquals(7, TextHelpAppendable.DEFAULT_LIST_INDENT);
assertEquals(74, TextHelpAppendable.DEFAULT_WIDTH);
assertEquals(3, TextHelpAppendable.DEFAULT_INDENT);
assertEquals(1, TextHelpAppendable.DEFAULT_LEFT_PAD);
assertEquals(3, textHelpAppendable0.getIndent());
assertEquals(74, textHelpAppendable0.getMaxWidth());
assertEquals(Integer.MAX_VALUE, textHelpAppendable0.getLeftPad());

ArrayDeque<List<String>> arrayDeque0 = new ArrayDeque<List<String>>();
assertNotNull(arrayDeque0);
assertEquals(0, arrayDeque0.size());
assertTrue(arrayDeque0.isEmpty());

TableDefinition tableDefinition0 = TableDefinition.from((String) null, stack0, vector0, arrayDeque0);
assertTrue(stack0.contains(textStyle0));
assertTrue(vector0.contains(""));
assertNotNull(tableDefinition0);
assertFalse(stack0.isEmpty());
assertEquals(10, stack0.capacity());
assertFalse(stack0.empty());
assertEquals("[TextStyle{LEFT, l:0, i:0, true, min:0, max:unset}]", stack0.toString());
assertEquals(1, stack0.size());
assertFalse(vector0.isEmpty());
assertEquals(1, vector0.size());
assertEquals(10, vector0.capacity());
assertEquals("[]", vector0.toString());
assertEquals(0, arrayDeque0.size());
assertTrue(arrayDeque0.isEmpty());

textHelpAppendable0.appendTable(tableDefinition0);

[MASTER] 17:25:17.803 [pool-2-thread-1] WARN  JUnitAnalyzer - Found unstable test named test0 -> class java.lang.OutOfMemoryError: Java heap space
[MASTER] 17:25:17.804 [pool-2-thread-1] WARN  JUnitAnalyzer - Failing test:
 TextHelpAppendable textHelpAppendable0 = TextHelpAppendable.systemOut();
assertEquals(7, TextHelpAppendable.DEFAULT_LIST_INDENT);
assertEquals(3, TextHelpAppendable.DEFAULT_INDENT);
assertEquals(1, TextHelpAppendable.DEFAULT_LEFT_PAD);
assertEquals(74, TextHelpAppendable.DEFAULT_WIDTH);
assertNotNull(textHelpAppendable0);
assertEquals(74, textHelpAppendable0.getMaxWidth());
assertEquals(1, textHelpAppendable0.getLeftPad());
assertEquals(3, textHelpAppendable0.getIndent());

textHelpAppendable0.setLeftPad(351608024);
assertEquals(7, TextHelpAppendable.DEFAULT_LIST_INDENT);
assertEquals(3, TextHelpAppendable.DEFAULT_INDENT);
assertEquals(1, TextHelpAppendable.DEFAULT_LEFT_PAD);
assertEquals(74, TextHelpAppendable.DEFAULT_WIDTH);
assertEquals(351608024, textHelpAppendable0.getLeftPad());
assertEquals(74, textHelpAppendable0.getMaxWidth());
assertEquals(3, textHelpAppendable0.getIndent());

textHelpAppendable0.printWrapped("w6{ePTz");

[MASTER] 17:25:18.078 [pool-2-thread-1] WARN  JUnitAnalyzer - Found unstable test named test0 -> class java.lang.OutOfMemoryError: Requested array size exceeds VM limit
[MASTER] 17:25:18.078 [pool-2-thread-1] WARN  JUnitAnalyzer - Failing test:
 TextHelpAppendable textHelpAppendable0 = TextHelpAppendable.systemOut();
assertEquals(74, TextHelpAppendable.DEFAULT_WIDTH);
assertEquals(1, TextHelpAppendable.DEFAULT_LEFT_PAD);
assertEquals(3, TextHelpAppendable.DEFAULT_INDENT);
assertEquals(7, TextHelpAppendable.DEFAULT_LIST_INDENT);
assertNotNull(textHelpAppendable0);
assertEquals(3, textHelpAppendable0.getIndent());
assertEquals(74, textHelpAppendable0.getMaxWidth());
assertEquals(1, textHelpAppendable0.getLeftPad());

Stack<TextStyle> stack0 = new Stack<TextStyle>();
assertNotNull(stack0);
assertEquals("[]", stack0.toString());
assertTrue(stack0.isEmpty());
assertEquals(10, stack0.capacity());
assertTrue(stack0.empty());
assertEquals(0, stack0.size());

TextStyle textStyle0 = TextStyle.DEFAULT;
assertEquals(Integer.MAX_VALUE, TextStyle.UNSET_MAX_WIDTH);
assertNotNull(textStyle0);
assertEquals(0, textStyle0.getLeftPad());
assertEquals(TextStyle.Alignment.LEFT, textStyle0.getAlignment());
assertEquals(Integer.MAX_VALUE, textStyle0.getMaxWidth());
assertEquals(0, textStyle0.getMinWidth());
assertTrue(textStyle0.isScalable());
assertEquals(0, textStyle0.getIndent());

stack0.insertElementAt(textStyle0, 0);
assertEquals(Integer.MAX_VALUE, TextStyle.UNSET_MAX_WIDTH);
assertTrue(stack0.contains(textStyle0));
assertEquals("[TextStyle{LEFT, l:0, i:0, true, min:0, max:unset}]", stack0.toString());
assertEquals(10, stack0.capacity());
assertFalse(stack0.isEmpty());
assertFalse(stack0.empty());
assertEquals(1, stack0.size());
assertEquals(0, textStyle0.getLeftPad());
assertEquals(TextStyle.Alignment.LEFT, textStyle0.getAlignment());
assertEquals(Integer.MAX_VALUE, textStyle0.getMaxWidth());
assertEquals(0, textStyle0.getMinWidth());
assertTrue(textStyle0.isScalable());
assertEquals(0, textStyle0.getIndent());

Stack<Queue<String>> stack1 = new Stack<Queue<String>>();
assertNotNull(stack1);
assertTrue(stack1.empty());
assertTrue(stack1.isEmpty());
assertEquals(10, stack1.capacity());
assertEquals(0, stack1.size());
assertEquals("[]", stack1.toString());

PriorityQueue<String> priorityQueue0 = new PriorityQueue<String>();
assertNotNull(priorityQueue0);
assertEquals(0, priorityQueue0.size());

boolean boolean0 = stack1.add((Queue<String>) priorityQueue0);
assertTrue(boolean0);
assertEquals(10, stack1.capacity());
assertEquals("[[]]", stack1.toString());
assertFalse(stack1.empty());
assertFalse(stack1.isEmpty());
assertEquals(1, stack1.size());
assertEquals(0, priorityQueue0.size());

textHelpAppendable0.writeColumnQueues(stack1, stack0);

* Permissions denied during test execution: 
  - java.lang.RuntimePermission: 
         writeFileDescriptor: 73
* Writing JUnit test case 'TextHelpAppendable_ESTest' to /Users/dextersargent/commons-cli_217931460/.evosuite/tmp_2026_03_22_17_14_13/tests
* Done!

