* Starting client
* Connecting to master process on port 8065
* Analyzing classpath: 
  - /Users/dextersargent/commons-cli_217931460/target/test-classes
  - /Users/dextersargent/commons-cli_217931460/target/classes
  - /Users/dextersargent/.m2/repository/org/junit/jupiter/junit-jupiter-api/5.14.2/junit-jupiter-api-5.14.2.jar
  - /Users/dextersargent/.m2/repository/org/opentest4j/opentest4j/1.3.0/opentest4j-1.3.0.jar
  - /Users/dextersargent/.m2/repository/org/junit/platform/junit-platform-commons/1.14.2/junit-platform-commons-1.14.2.jar
  - /Users/dextersargent/.m2/repository/org/apiguardian/apiguardian-api/1.1.2/apiguardian-api-1.1.2.jar
  - /Users/dextersargent/.m2/repository/org/junit/jupiter/junit-jupiter-engine/5.14.2/junit-jupiter-engine-5.14.2.jar
  - /Users/dextersargent/.m2/repository/org/junit/platform/junit-platform-engine/1.14.2/junit-platform-engine-1.14.2.jar
  - /Users/dextersargent/.m2/repository/org/junit/jupiter/junit-jupiter-params/5.14.2/junit-jupiter-params-5.14.2.jar
  - /Users/dextersargent/.m2/repository/org/junit-pioneer/junit-pioneer/1.9.1/junit-pioneer-1.9.1.jar
  - /Users/dextersargent/.m2/repository/org/junit/platform/junit-platform-launcher/1.14.2/junit-platform-launcher-1.14.2.jar
  - /Users/dextersargent/.m2/repository/commons-io/commons-io/2.21.0/commons-io-2.21.0.jar
  - /Users/dextersargent/.m2/repository/org/apache/commons/commons-text/1.15.0/commons-text-1.15.0.jar
  - /Users/dextersargent/.m2/repository/org/apache/commons/commons-lang3/3.20.0/commons-lang3-3.20.0.jar
  - /Users/dextersargent/.m2/repository/org/mockito/mockito-core/4.11.0/mockito-core-4.11.0.jar
  - /Users/dextersargent/.m2/repository/net/bytebuddy/byte-buddy/1.12.19/byte-buddy-1.12.19.jar
  - /Users/dextersargent/.m2/repository/net/bytebuddy/byte-buddy-agent/1.12.19/byte-buddy-agent-1.12.19.jar
  - /Users/dextersargent/.m2/repository/org/objenesis/objenesis/3.3/objenesis-3.3.jar
  - /Users/dextersargent/.m2/repository/junit/junit/4.13.2/junit-4.13.2.jar
  - /Users/dextersargent/.m2/repository/org/hamcrest/hamcrest-core/1.3/hamcrest-core-1.3.jar
* Finished analyzing classpath
* Generating tests for class org.apache.commons.cli.help.TextStyle
* Test criteria:
  - Line Coverage
  - Branch Coverage
  - Exception
  - Mutation testing (weak)
  - Method-Output Coverage
  - Top-Level Method Coverage
  - No-Exception Top-Level Method Coverage
  - Context Branch Coverage
* Setting up search algorithm for whole suite generation
[MASTER] 17:37:37.180 [pool-2-thread-1] WARN  TestSuiteSerialization - Cannot load tests because file does not exist: /Users/dextersargent/commons-cli_217931460/.evosuite/evosuite-seeds/org.apache.commons.cli.help.TextStyle.seed
* Loaded 0 tests from /Users/dextersargent/commons-cli_217931460/.evosuite/evosuite-seeds/org.apache.commons.cli.help.TextStyle.seed
* Total number of test goals: 
  - Line 76
  - Branch 46
  - Exception 0
  - MutationFactory 199
  - Output 38
  - Method 22
  - MethodNoException 22
  - CBranchFitnessFactory 46
* Using seed 1774215456288
* Starting evolution
* Search finished after 55s and 2004 generations, 745163 statements, best individual has fitness: 17.7
* Writing sequences to pool
* Minimizing test suite
* Going to analyze the coverage criteria
* Coverage analysis for criterion LINE
* Coverage of criterion LINE: 100%
* Total number of goals: 76
* Number of covered goals: 76
* Coverage analysis for criterion BRANCH
* Coverage of criterion BRANCH: 98%
* Total number of goals: 46
* Number of covered goals: 45
* Coverage analysis for criterion EXCEPTION
* Coverage of criterion EXCEPTION: 100%
* Total number of goals: 4
* Number of covered goals: 4
* Coverage analysis for criterion WEAKMUTATION
* Coverage of criterion WEAKMUTATION: 98%
* Total number of goals: 199
* Number of covered goals: 196
* Coverage analysis for criterion OUTPUT
* Coverage of criterion OUTPUT: 63%
* Total number of goals: 38
* Number of covered goals: 24
* Coverage analysis for criterion METHOD
* Coverage of criterion METHOD: 100%
* Total number of goals: 22
* Number of covered goals: 22
* Coverage analysis for criterion METHODNOEXCEPTION
* Coverage of criterion METHODNOEXCEPTION: 100%
* Total number of goals: 22
* Number of covered goals: 22
* Coverage analysis for criterion CBRANCH
* Coverage of criterion CBRANCH: 98%
* Total number of goals: 46
* Number of covered goals: 45
* Generated 38 tests with total length 137
* Resulting test suite's coverage: 95% (average coverage for all fitness functions)
* Generating assertions
* Resulting test suite's mutation score: 76%
* Compiling and checking tests
[MASTER] 17:38:38.847 [pool-2-thread-1] WARN  JUnitAnalyzer - Found unstable test named test0 -> class java.lang.OutOfMemoryError: Requested array size exceeds VM limit
[MASTER] 17:38:38.847 [pool-2-thread-1] WARN  JUnitAnalyzer - Failing test:
 TextStyle.Builder textStyle_Builder0 = TextStyle.builder();
TextStyle.Builder textStyle_Builder1 = textStyle_Builder0.setIndent(Integer.MAX_VALUE);
TextStyle textStyle0 = textStyle_Builder1.get();
textStyle0.pad(true, "TextStyle{LEFT, l:0, i:0, true, min:0, max:unset}");

* Writing JUnit test case 'TextStyle_ESTest' to /Users/dextersargent/commons-cli_217931460/.evosuite/tmp_2026_03_22_17_14_13/tests
* Done!

