* Starting client
* Connecting to master process on port 4609
* Analyzing classpath: 
  - /Users/dextersargent/commons-cli_217931460/target/test-classes
  - /Users/dextersargent/commons-cli_217931460/target/classes
  - /Users/dextersargent/.m2/repository/org/junit/jupiter/junit-jupiter-api/5.14.2/junit-jupiter-api-5.14.2.jar
  - /Users/dextersargent/.m2/repository/org/opentest4j/opentest4j/1.3.0/opentest4j-1.3.0.jar
  - /Users/dextersargent/.m2/repository/org/junit/platform/junit-platform-commons/1.14.2/junit-platform-commons-1.14.2.jar
  - /Users/dextersargent/.m2/repository/org/apiguardian/apiguardian-api/1.1.2/apiguardian-api-1.1.2.jar
  - /Users/dextersargent/.m2/repository/org/junit/jupiter/junit-jupiter-engine/5.14.2/junit-jupiter-engine-5.14.2.jar
  - /Users/dextersargent/.m2/repository/org/junit/platform/junit-platform-engine/1.14.2/junit-platform-engine-1.14.2.jar
  - /Users/dextersargent/.m2/repository/org/junit/jupiter/junit-jupiter-params/5.14.2/junit-jupiter-params-5.14.2.jar
  - /Users/dextersargent/.m2/repository/org/junit-pioneer/junit-pioneer/1.9.1/junit-pioneer-1.9.1.jar
  - /Users/dextersargent/.m2/repository/org/junit/platform/junit-platform-launcher/1.14.2/junit-platform-launcher-1.14.2.jar
  - /Users/dextersargent/.m2/repository/commons-io/commons-io/2.21.0/commons-io-2.21.0.jar
  - /Users/dextersargent/.m2/repository/org/apache/commons/commons-text/1.15.0/commons-text-1.15.0.jar
  - /Users/dextersargent/.m2/repository/org/apache/commons/commons-lang3/3.20.0/commons-lang3-3.20.0.jar
  - /Users/dextersargent/.m2/repository/org/mockito/mockito-core/4.11.0/mockito-core-4.11.0.jar
  - /Users/dextersargent/.m2/repository/net/bytebuddy/byte-buddy/1.12.19/byte-buddy-1.12.19.jar
  - /Users/dextersargent/.m2/repository/net/bytebuddy/byte-buddy-agent/1.12.19/byte-buddy-agent-1.12.19.jar
  - /Users/dextersargent/.m2/repository/org/objenesis/objenesis/3.3/objenesis-3.3.jar
  - /Users/dextersargent/.m2/repository/junit/junit/4.13.2/junit-4.13.2.jar
  - /Users/dextersargent/.m2/repository/org/hamcrest/hamcrest-core/1.3/hamcrest-core-1.3.jar
* Finished analyzing classpath
* Generating tests for class org.apache.commons.cli.HelpFormatter
* Test criteria:
  - Line Coverage
  - Branch Coverage
  - Exception
  - Mutation testing (weak)
  - Method-Output Coverage
  - Top-Level Method Coverage
  - No-Exception Top-Level Method Coverage
  - Context Branch Coverage
* Setting up search algorithm for whole suite generation
[MASTER] 17:18:21.401 [pool-2-thread-1] WARN  TestSuiteSerialization - Cannot load tests because file does not exist: /Users/dextersargent/commons-cli_217931460/.evosuite/evosuite-seeds/org.apache.commons.cli.HelpFormatter.seed
* Loaded 0 tests from /Users/dextersargent/commons-cli_217931460/.evosuite/evosuite-seeds/org.apache.commons.cli.HelpFormatter.seed
* Total number of test goals: 
  - Line 261
  - Branch 181
  - Exception 0
  - MutationFactory 526
  - Output 55
  - Method 50
  - MethodNoException 50
  - CBranchFitnessFactory 181
* Using seed 1774214299948
* Starting evolution
* Search finished after 160s and 158 generations, 98796 statements, best individual has fitness: 242.24225108225107
* Writing sequences to pool
* Minimizing test suite
[MASTER] 17:21:46.567 [pool-2-thread-1] WARN  TestSuiteMinimizer - Minimization timeout. Roll back to original test suite
* Going to analyze the coverage criteria
* Coverage analysis for criterion LINE
* Coverage of criterion LINE: 90%
* Total number of goals: 261
* Number of covered goals: 234
* Coverage analysis for criterion BRANCH
* Coverage of criterion BRANCH: 81%
* Total number of goals: 181
* Number of covered goals: 147
* Coverage analysis for criterion EXCEPTION
* Coverage of criterion EXCEPTION: 100%
* Total number of goals: 54
* Number of covered goals: 54
* Coverage analysis for criterion WEAKMUTATION
* Coverage of criterion WEAKMUTATION: 88%
* Total number of goals: 526
* Number of covered goals: 464
* Coverage analysis for criterion OUTPUT
* Coverage of criterion OUTPUT: 67%
* Total number of goals: 55
* Number of covered goals: 37
* Coverage analysis for criterion METHOD
* Coverage of criterion METHOD: 98%
* Total number of goals: 50
* Number of covered goals: 49
* Coverage analysis for criterion METHODNOEXCEPTION
* Coverage of criterion METHODNOEXCEPTION: 98%
* Total number of goals: 50
* Number of covered goals: 49
* Coverage analysis for criterion CBRANCH
* Coverage of criterion CBRANCH: 80%
* Total number of goals: 181
* Number of covered goals: 145
* Generated 140 tests with total length 2406
* Resulting test suite's coverage: 88% (average coverage for all fitness functions)
* Generating assertions
[MASTER] 17:22:14.304 [pool-2-thread-1] WARN  SimpleMutationAssertionGenerator - Reached maximum time to generate assertions, aborting assertion generation
* Resulting test suite's mutation score: 1%
* Compiling and checking tests
* Permissions denied during test execution: 
  - java.lang.RuntimePermission: 
         writeFileDescriptor: 66
* Writing JUnit test case 'HelpFormatter_ESTest' to /Users/dextersargent/commons-cli_217931460/.evosuite/tmp_2026_03_22_17_14_13/tests
* Done!

