[MASTER] 17:51:00.599 [main] ERROR ExternalProcessHandler - Class org.apache.commons.cli.AlreadySelectedException. Lost connection with clients.
ClientNode: FINISHED

java.rmi.ServerError: Error occurred in server thread; nested exception is: 
	java.lang.OutOfMemoryError: GC overhead limit exceeded
	at sun.rmi.server.UnicastServerRef.dispatch(UnicastServerRef.java:386) ~[na:1.8.0_482]
	at sun.rmi.transport.Transport$1.run(Transport.java:200) ~[na:1.8.0_482]
	at sun.rmi.transport.Transport$1.run(Transport.java:197) ~[na:1.8.0_482]
	at java.security.AccessController.doPrivileged(Native Method) ~[na:1.8.0_482]
	at sun.rmi.transport.Transport.serviceCall(Transport.java:196) ~[na:1.8.0_482]
	at sun.rmi.transport.tcp.TCPTransport.handleMessages(TCPTransport.java:573) ~[na:1.8.0_482]
	at sun.rmi.transport.tcp.TCPTransport$ConnectionHandler.run0(TCPTransport.java:834) ~[na:1.8.0_482]
	at sun.rmi.transport.tcp.TCPTransport$ConnectionHandler.lambda$run$0(TCPTransport.java:688) ~[na:1.8.0_482]
	at java.security.AccessController.doPrivileged(Native Method) ~[na:1.8.0_482]
	at sun.rmi.transport.tcp.TCPTransport$ConnectionHandler.run(TCPTransport.java:687) ~[na:1.8.0_482]
	at java.util.concurrent.ThreadPoolExecutor.runWorker(ThreadPoolExecutor.java:1149) ~[na:1.8.0_482]
	at java.util.concurrent.ThreadPoolExecutor$Worker.run(ThreadPoolExecutor.java:624) ~[na:1.8.0_482]
	at java.lang.Thread.run(Thread.java:750) ~[na:1.8.0_482]
	at sun.rmi.transport.StreamRemoteCall.exceptionReceivedFromServer(StreamRemoteCall.java:303) ~[na:1.8.0_482]
	at sun.rmi.transport.StreamRemoteCall.executeCall(StreamRemoteCall.java:279) ~[na:1.8.0_482]
	at sun.rmi.server.UnicastRef.invoke(UnicastRef.java:164) ~[na:1.8.0_482]
	at java.rmi.server.RemoteObjectInvocationHandler.invokeRemoteMethod(RemoteObjectInvocationHandler.java:235) ~[na:1.8.0_482]
	at java.rmi.server.RemoteObjectInvocationHandler.invoke(RemoteObjectInvocationHandler.java:180) ~[na:1.8.0_482]
	at com.sun.proxy.$Proxy7.waitUntilFinished(Unknown Source) ~[na:na]
	at org.evosuite.utils.ExternalProcessHandler.waitForResult(ExternalProcessHandler.java:608) ~[evosuite-master-1.0.6.jar:1.0.6]
	at org.evosuite.executionmode.TestGeneration.generateTests(TestGeneration.java:480) [evosuite-master-1.0.6.jar:1.0.6]
	at org.evosuite.executionmode.TestGeneration.executeTestGeneration(TestGeneration.java:79) [evosuite-master-1.0.6.jar:1.0.6]
	at org.evosuite.EvoSuite.parseCommandLine(EvoSuite.java:269) [evosuite-master-1.0.6.jar:1.0.6]
	at org.evosuite.EvoSuite.main(EvoSuite.java:302) [evosuite-master-1.0.6.jar:1.0.6]
Caused by: java.lang.OutOfMemoryError: GC overhead limit exceeded
[MASTER] 17:51:00.710 [main] ERROR SearchStatistics - No obtained value for output variable: LineCoverage
[MASTER] 17:51:02.729 [main] ERROR SearchStatistics - No obtained value for output variable: LineCoverage
[MASTER] 17:51:03.737 [main] ERROR SearchStatistics - No obtained value for output variable: LineCoverage
[MASTER] 17:51:04.748 [main] ERROR SearchStatistics - No obtained value for output variable: LineCoverage
[MASTER] 17:51:05.751 [main] ERROR SearchStatistics - No obtained value for output variable: LineCoverage
[MASTER] 17:51:06.758 [main] ERROR SearchStatistics - No obtained value for output variable: LineCoverage
[MASTER] 17:51:06.758 [main] ERROR SearchStatistics - Not going to write down statistics data, as some are missing
[MASTER] 17:51:06.870 [main] ERROR TestGeneration - failed to write statistics data
